{"C:\\Users\\leoho\\OneDrive\\Área de Trabalho\\Pamcary\\teste-tecnico\\index.js": {"path":"C:\\Users\\leoho\\OneDrive\\Área de Trabalho\\Pamcary\\teste-tecnico\\index.js","statementMap":{"0":{"start":{"line":1,"column":16},"end":{"line":1,"column":34}},"1":{"start":{"line":2,"column":12},"end":{"line":2,"column":21}},"2":{"start":{"line":3,"column":0},"end":{"line":3,"column":24}},"3":{"start":{"line":5,"column":18},"end":{"line":5,"column":47}},"4":{"start":{"line":6,"column":21},"end":{"line":6,"column":45}},"5":{"start":{"line":7,"column":21},"end":{"line":7,"column":53}},"6":{"start":{"line":9,"column":20},"end":{"line":18,"column":2}},"7":{"start":{"line":20,"column":0},"end":{"line":20,"column":68}},"8":{"start":{"line":21,"column":0},"end":{"line":21,"column":22}},"9":{"start":{"line":23,"column":0},"end":{"line":23,"column":21}},"10":{"start":{"line":25,"column":0},"end":{"line":27,"column":1}},"11":{"start":{"line":26,"column":2},"end":{"line":26,"column":72}},"12":{"start":{"line":26,"column":25},"end":{"line":26,"column":70}}},"fnMap":{"0":{"name":"(anonymous_0)","decl":{"start":{"line":26,"column":19},"end":{"line":26,"column":20}},"loc":{"start":{"line":26,"column":25},"end":{"line":26,"column":70}},"line":26}},"branchMap":{"0":{"loc":{"start":{"line":25,"column":0},"end":{"line":27,"column":1}},"type":"if","locations":[{"start":{"line":25,"column":0},"end":{"line":27,"column":1}},{"start":{},"end":{}}],"line":25}},"s":{"0":1,"1":1,"2":1,"3":1,"4":1,"5":1,"6":1,"7":1,"8":1,"9":1,"10":1,"11":0,"12":0},"f":{"0":0},"b":{"0":[0,1]},"_coverageSchema":"1a1c01bbd47fc00a2c39e90264f33305004495a9","hash":"f5234fd18902f16a3c5a55179ed2a6ba6c5f5e31"}
,"C:\\Users\\leoho\\OneDrive\\Área de Trabalho\\Pamcary\\teste-tecnico\\controller\\usuarioController.js": {"path":"C:\\Users\\leoho\\OneDrive\\Área de Trabalho\\Pamcary\\teste-tecnico\\controller\\usuarioController.js","statementMap":{"0":{"start":{"line":1,"column":23},"end":{"line":1,"column":59}},"1":{"start":{"line":2,"column":28},"end":{"line":2,"column":68}},"2":{"start":{"line":4,"column":15},"end":{"line":7,"column":1}},"3":{"start":{"line":5,"column":21},"end":{"line":5,"column":51}},"4":{"start":{"line":6,"column":4},"end":{"line":6,"column":23}},"5":{"start":{"line":9,"column":15},"end":{"line":16,"column":1}},"6":{"start":{"line":11,"column":18},"end":{"line":11,"column":43}},"7":{"start":{"line":12,"column":4},"end":{"line":12,"column":63}},"8":{"start":{"line":12,"column":15},"end":{"line":12,"column":63}},"9":{"start":{"line":14,"column":20},"end":{"line":14,"column":57}},"10":{"start":{"line":15,"column":4},"end":{"line":15,"column":34}},"11":{"start":{"line":19,"column":15},"end":{"line":28,"column":1}},"12":{"start":{"line":20,"column":19},"end":{"line":20,"column":29}},"13":{"start":{"line":21,"column":30},"end":{"line":21,"column":71}},"14":{"start":{"line":23,"column":4},"end":{"line":25,"column":5}},"15":{"start":{"line":24,"column":6},"end":{"line":24,"column":73}},"16":{"start":{"line":27,"column":4},"end":{"line":27,"column":32}},"17":{"start":{"line":30,"column":15},"end":{"line":39,"column":1}},"18":{"start":{"line":31,"column":19},"end":{"line":31,"column":29}},"19":{"start":{"line":32,"column":28},"end":{"line":32,"column":59}},"20":{"start":{"line":34,"column":4},"end":{"line":36,"column":5}},"21":{"start":{"line":35,"column":6},"end":{"line":35,"column":73}},"22":{"start":{"line":38,"column":4},"end":{"line":38,"column":27}},"23":{"start":{"line":41,"column":17},"end":{"line":50,"column":1}},"24":{"start":{"line":42,"column":20},"end":{"line":42,"column":30}},"25":{"start":{"line":43,"column":20},"end":{"line":43,"column":55}},"26":{"start":{"line":45,"column":4},"end":{"line":47,"column":5}},"27":{"start":{"line":46,"column":6},"end":{"line":46,"column":86}},"28":{"start":{"line":49,"column":4},"end":{"line":49,"column":22}},"29":{"start":{"line":52,"column":0},"end":{"line":52,"column":62}}},"fnMap":{"0":{"name":"(anonymous_0)","decl":{"start":{"line":4,"column":15},"end":{"line":4,"column":16}},"loc":{"start":{"line":4,"column":35},"end":{"line":7,"column":1}},"line":4},"1":{"name":"(anonymous_1)","decl":{"start":{"line":9,"column":15},"end":{"line":9,"column":16}},"loc":{"start":{"line":9,"column":35},"end":{"line":16,"column":1}},"line":9},"2":{"name":"(anonymous_2)","decl":{"start":{"line":19,"column":15},"end":{"line":19,"column":16}},"loc":{"start":{"line":19,"column":35},"end":{"line":28,"column":1}},"line":19},"3":{"name":"(anonymous_3)","decl":{"start":{"line":30,"column":15},"end":{"line":30,"column":16}},"loc":{"start":{"line":30,"column":35},"end":{"line":39,"column":1}},"line":30},"4":{"name":"(anonymous_4)","decl":{"start":{"line":41,"column":17},"end":{"line":41,"column":18}},"loc":{"start":{"line":41,"column":37},"end":{"line":50,"column":1}},"line":41}},"branchMap":{"0":{"loc":{"start":{"line":12,"column":4},"end":{"line":12,"column":63}},"type":"if","locations":[{"start":{"line":12,"column":4},"end":{"line":12,"column":63}},{"start":{},"end":{}}],"line":12},"1":{"loc":{"start":{"line":23,"column":4},"end":{"line":25,"column":5}},"type":"if","locations":[{"start":{"line":23,"column":4},"end":{"line":25,"column":5}},{"start":{},"end":{}}],"line":23},"2":{"loc":{"start":{"line":34,"column":4},"end":{"line":36,"column":5}},"type":"if","locations":[{"start":{"line":34,"column":4},"end":{"line":36,"column":5}},{"start":{},"end":{}}],"line":34},"3":{"loc":{"start":{"line":45,"column":4},"end":{"line":47,"column":5}},"type":"if","locations":[{"start":{"line":45,"column":4},"end":{"line":47,"column":5}},{"start":{},"end":{}}],"line":45}},"s":{"0":1,"1":1,"2":1,"3":1,"4":1,"5":1,"6":1,"7":1,"8":0,"9":1,"10":1,"11":1,"12":1,"13":1,"14":1,"15":0,"16":1,"17":1,"18":2,"19":2,"20":2,"21":1,"22":1,"23":1,"24":2,"25":2,"26":2,"27":1,"28":1,"29":1},"f":{"0":1,"1":1,"2":1,"3":2,"4":2},"b":{"0":[0,1],"1":[0,1],"2":[1,1],"3":[1,1]},"_coverageSchema":"1a1c01bbd47fc00a2c39e90264f33305004495a9","hash":"bd48649878ae20f1f5ee03064e4f09c7da3eab07"}
,"C:\\Users\\leoho\\OneDrive\\Área de Trabalho\\Pamcary\\teste-tecnico\\models\\index.js": {"path":"C:\\Users\\leoho\\OneDrive\\Área de Trabalho\\Pamcary\\teste-tecnico\\models\\index.js","statementMap":{"0":{"start":{"line":3,"column":11},"end":{"line":3,"column":24}},"1":{"start":{"line":4,"column":13},"end":{"line":4,"column":28}},"2":{"start":{"line":5,"column":18},"end":{"line":5,"column":38}},"3":{"start":{"line":6,"column":16},"end":{"line":6,"column":34}},"4":{"start":{"line":7,"column":17},"end":{"line":7,"column":42}},"5":{"start":{"line":8,"column":12},"end":{"line":8,"column":49}},"6":{"start":{"line":9,"column":15},"end":{"line":9,"column":65}},"7":{"start":{"line":10,"column":11},"end":{"line":10,"column":13}},"8":{"start":{"line":13,"column":0},"end":{"line":17,"column":1}},"9":{"start":{"line":14,"column":2},"end":{"line":14,"column":74}},"10":{"start":{"line":16,"column":2},"end":{"line":16,"column":87}},"11":{"start":{"line":19,"column":0},"end":{"line":32,"column":5}},"12":{"start":{"line":22,"column":4},"end":{"line":27,"column":6}},"13":{"start":{"line":30,"column":18},"end":{"line":30,"column":85}},"14":{"start":{"line":31,"column":4},"end":{"line":31,"column":27}},"15":{"start":{"line":34,"column":0},"end":{"line":38,"column":3}},"16":{"start":{"line":35,"column":2},"end":{"line":37,"column":3}},"17":{"start":{"line":36,"column":4},"end":{"line":36,"column":32}},"18":{"start":{"line":40,"column":0},"end":{"line":40,"column":25}},"19":{"start":{"line":41,"column":0},"end":{"line":41,"column":25}},"20":{"start":{"line":43,"column":0},"end":{"line":43,"column":20}}},"fnMap":{"0":{"name":"(anonymous_0)","decl":{"start":{"line":21,"column":10},"end":{"line":21,"column":11}},"loc":{"start":{"line":21,"column":18},"end":{"line":28,"column":3}},"line":21},"1":{"name":"(anonymous_1)","decl":{"start":{"line":29,"column":11},"end":{"line":29,"column":12}},"loc":{"start":{"line":29,"column":19},"end":{"line":32,"column":3}},"line":29},"2":{"name":"(anonymous_2)","decl":{"start":{"line":34,"column":24},"end":{"line":34,"column":25}},"loc":{"start":{"line":34,"column":37},"end":{"line":38,"column":1}},"line":34}},"branchMap":{"0":{"loc":{"start":{"line":8,"column":12},"end":{"line":8,"column":49}},"type":"binary-expr","locations":[{"start":{"line":8,"column":12},"end":{"line":8,"column":32}},{"start":{"line":8,"column":36},"end":{"line":8,"column":49}}],"line":8},"1":{"loc":{"start":{"line":13,"column":0},"end":{"line":17,"column":1}},"type":"if","locations":[{"start":{"line":13,"column":0},"end":{"line":17,"column":1}},{"start":{"line":15,"column":7},"end":{"line":17,"column":1}}],"line":13},"2":{"loc":{"start":{"line":23,"column":6},"end":{"line":26,"column":37}},"type":"binary-expr","locations":[{"start":{"line":23,"column":6},"end":{"line":23,"column":29}},{"start":{"line":24,"column":6},"end":{"line":24,"column":23}},{"start":{"line":25,"column":6},"end":{"line":25,"column":30}},{"start":{"line":26,"column":6},"end":{"line":26,"column":37}}],"line":23},"3":{"loc":{"start":{"line":35,"column":2},"end":{"line":37,"column":3}},"type":"if","locations":[{"start":{"line":35,"column":2},"end":{"line":37,"column":3}},{"start":{},"end":{}}],"line":35}},"s":{"0":1,"1":1,"2":1,"3":1,"4":1,"5":1,"6":1,"7":1,"8":1,"9":0,"10":1,"11":1,"12":2,"13":1,"14":1,"15":1,"16":1,"17":1,"18":1,"19":1,"20":1},"f":{"0":2,"1":1,"2":1},"b":{"0":[1,0],"1":[0,1],"2":[2,2,1,1],"3":[1,0]},"_coverageSchema":"1a1c01bbd47fc00a2c39e90264f33305004495a9","hash":"a0992fb13d84f73eeb2276adeaff277df7f3d3a8"}
,"C:\\Users\\leoho\\OneDrive\\Área de Trabalho\\Pamcary\\teste-tecnico\\models\\usuario.js": {"path":"C:\\Users\\leoho\\OneDrive\\Área de Trabalho\\Pamcary\\teste-tecnico\\models\\usuario.js","statementMap":{"0":{"start":{"line":4,"column":4},"end":{"line":4,"column":24}},"1":{"start":{"line":5,"column":0},"end":{"line":26,"column":2}},"2":{"start":{"line":16,"column":2},"end":{"line":24,"column":5}},"3":{"start":{"line":25,"column":2},"end":{"line":25,"column":17}}},"fnMap":{"0":{"name":"(anonymous_0)","decl":{"start":{"line":5,"column":17},"end":{"line":5,"column":18}},"loc":{"start":{"line":5,"column":43},"end":{"line":26,"column":1}},"line":5},"1":{"name":"(anonymous_1)","decl":{"start":{"line":12,"column":4},"end":{"line":12,"column":5}},"loc":{"start":{"line":12,"column":29},"end":{"line":14,"column":5}},"line":12}},"branchMap":{},"s":{"0":1,"1":1,"2":1,"3":1},"f":{"0":1,"1":1},"b":{},"_coverageSchema":"1a1c01bbd47fc00a2c39e90264f33305004495a9","hash":"7aafed718568e542cf273d05a4c775f9ea4b0385"}
,"C:\\Users\\leoho\\OneDrive\\Área de Trabalho\\Pamcary\\teste-tecnico\\routes\\usuarioRoute.js": {"path":"C:\\Users\\leoho\\OneDrive\\Área de Trabalho\\Pamcary\\teste-tecnico\\routes\\usuarioRoute.js","statementMap":{"0":{"start":{"line":1,"column":16},"end":{"line":1,"column":34}},"1":{"start":{"line":2,"column":15},"end":{"line":2,"column":31}},"2":{"start":{"line":3,"column":26},"end":{"line":3,"column":68}},"3":{"start":{"line":15,"column":0},"end":{"line":15,"column":49}},"4":{"start":{"line":39,"column":0},"end":{"line":39,"column":50}},"5":{"start":{"line":70,"column":0},"end":{"line":70,"column":53}},"6":{"start":{"line":91,"column":0},"end":{"line":91,"column":56}},"7":{"start":{"line":116,"column":0},"end":{"line":116,"column":60}},"8":{"start":{"line":142,"column":0},"end":{"line":142,"column":24}}},"fnMap":{},"branchMap":{},"s":{"0":1,"1":1,"2":1,"3":1,"4":1,"5":1,"6":1,"7":1,"8":1},"f":{},"b":{},"_coverageSchema":"1a1c01bbd47fc00a2c39e90264f33305004495a9","hash":"328c316d47be753264d8576f0a8af35541cf50c0"}
,"C:\\Users\\leoho\\OneDrive\\Área de Trabalho\\Pamcary\\teste-tecnico\\service\\usuarioService.js": {"path":"C:\\Users\\leoho\\OneDrive\\Área de Trabalho\\Pamcary\\teste-tecnico\\service\\usuarioService.js","statementMap":{"0":{"start":{"line":1,"column":20},"end":{"line":1,"column":40}},"1":{"start":{"line":3,"column":16},"end":{"line":5,"column":1}},"2":{"start":{"line":4,"column":4},"end":{"line":4,"column":35}},"3":{"start":{"line":7,"column":15},"end":{"line":9,"column":1}},"4":{"start":{"line":8,"column":4},"end":{"line":8,"column":38}},"5":{"start":{"line":11,"column":15},"end":{"line":17,"column":1}},"6":{"start":{"line":12,"column":20},"end":{"line":12,"column":46}},"7":{"start":{"line":13,"column":4},"end":{"line":13,"column":30}},"8":{"start":{"line":13,"column":18},"end":{"line":13,"column":30}},"9":{"start":{"line":15,"column":4},"end":{"line":15,"column":31}},"10":{"start":{"line":16,"column":4},"end":{"line":16,"column":19}},"11":{"start":{"line":19,"column":15},"end":{"line":25,"column":1}},"12":{"start":{"line":20,"column":20},"end":{"line":20,"column":46}},"13":{"start":{"line":21,"column":4},"end":{"line":21,"column":30}},"14":{"start":{"line":21,"column":18},"end":{"line":21,"column":30}},"15":{"start":{"line":23,"column":4},"end":{"line":23,"column":28}},"16":{"start":{"line":24,"column":4},"end":{"line":24,"column":19}},"17":{"start":{"line":27,"column":18},"end":{"line":29,"column":1}},"18":{"start":{"line":28,"column":4},"end":{"line":28,"column":53}},"19":{"start":{"line":31,"column":0},"end":{"line":31,"column":64}}},"fnMap":{"0":{"name":"(anonymous_0)","decl":{"start":{"line":3,"column":16},"end":{"line":3,"column":17}},"loc":{"start":{"line":3,"column":28},"end":{"line":5,"column":1}},"line":3},"1":{"name":"(anonymous_1)","decl":{"start":{"line":7,"column":15},"end":{"line":7,"column":16}},"loc":{"start":{"line":7,"column":31},"end":{"line":9,"column":1}},"line":7},"2":{"name":"(anonymous_2)","decl":{"start":{"line":11,"column":15},"end":{"line":11,"column":16}},"loc":{"start":{"line":11,"column":35},"end":{"line":17,"column":1}},"line":11},"3":{"name":"(anonymous_3)","decl":{"start":{"line":19,"column":15},"end":{"line":19,"column":16}},"loc":{"start":{"line":19,"column":29},"end":{"line":25,"column":1}},"line":19},"4":{"name":"(anonymous_4)","decl":{"start":{"line":27,"column":18},"end":{"line":27,"column":19}},"loc":{"start":{"line":27,"column":33},"end":{"line":29,"column":1}},"line":27}},"branchMap":{"0":{"loc":{"start":{"line":13,"column":4},"end":{"line":13,"column":30}},"type":"if","locations":[{"start":{"line":13,"column":4},"end":{"line":13,"column":30}},{"start":{},"end":{}}],"line":13},"1":{"loc":{"start":{"line":21,"column":4},"end":{"line":21,"column":30}},"type":"if","locations":[{"start":{"line":21,"column":4},"end":{"line":21,"column":30}},{"start":{},"end":{}}],"line":21}},"s":{"0":1,"1":1,"2":1,"3":1,"4":1,"5":1,"6":1,"7":1,"8":0,"9":1,"10":1,"11":1,"12":2,"13":2,"14":1,"15":1,"16":1,"17":1,"18":2,"19":1},"f":{"0":1,"1":1,"2":1,"3":2,"4":2},"b":{"0":[0,1],"1":[1,1]},"_coverageSchema":"1a1c01bbd47fc00a2c39e90264f33305004495a9","hash":"a017edd2c403b27fbc642f1e3b875b7c8b4dbe9d"}
,"C:\\Users\\leoho\\OneDrive\\Área de Trabalho\\Pamcary\\teste-tecnico\\validator\\usuarioValidator.js": {"path":"C:\\Users\\leoho\\OneDrive\\Área de Trabalho\\Pamcary\\teste-tecnico\\validator\\usuarioValidator.js","statementMap":{"0":{"start":{"line":1,"column":24},"end":{"line":7,"column":3}},"1":{"start":{"line":2,"column":43},"end":{"line":2,"column":47}},"2":{"start":{"line":3,"column":4},"end":{"line":5,"column":5}},"3":{"start":{"line":4,"column":6},"end":{"line":4,"column":45}},"4":{"start":{"line":6,"column":4},"end":{"line":6,"column":16}},"5":{"start":{"line":9,"column":2},"end":{"line":9,"column":39}}},"fnMap":{"0":{"name":"(anonymous_0)","decl":{"start":{"line":1,"column":24},"end":{"line":1,"column":25}},"loc":{"start":{"line":1,"column":34},"end":{"line":7,"column":3}},"line":1}},"branchMap":{"0":{"loc":{"start":{"line":3,"column":4},"end":{"line":5,"column":5}},"type":"if","locations":[{"start":{"line":3,"column":4},"end":{"line":5,"column":5}},{"start":{},"end":{}}],"line":3},"1":{"loc":{"start":{"line":3,"column":8},"end":{"line":3,"column":44}},"type":"binary-expr","locations":[{"start":{"line":3,"column":8},"end":{"line":3,"column":13}},{"start":{"line":3,"column":17},"end":{"line":3,"column":23}},{"start":{"line":3,"column":27},"end":{"line":3,"column":36}},{"start":{"line":3,"column":40},"end":{"line":3,"column":44}}],"line":3}},"s":{"0":1,"1":1,"2":1,"3":0,"4":1,"5":1},"f":{"0":1},"b":{"0":[0,1],"1":[1,1,1,1]},"_coverageSchema":"1a1c01bbd47fc00a2c39e90264f33305004495a9","hash":"08c1120f06600db5c7ed7abb9cc137babe19f793"}
}
